<?xml version="1.0" encoding="UTF-8"?>
<robot generator="Robot 3.2.1 (Python 3.8.2 on win32)" generated="20200526 13:46:50.054" rpa="false">
<suite id="s1" name="RobotProject1" source="C:\Users\Nur Islam\git\RobotRepository\RobotProject1">
<suite id="s1-s1" name="Test" source="C:\Users\Nur Islam\git\RobotRepository\RobotProject1\test">
<suite id="s1-s1-s1" name="TestSuite1" source="C:\Users\Nur Islam\git\RobotRepository\RobotProject1\test\TestSuite1.robot">
<kw name="Log" library="BuiltIn" type="setup">
<doc>Logs the given message with the given level.</doc>
<arguments>
<arg>I am inside Test Suite Setup</arg>
</arguments>
<msg timestamp="20200526 13:46:52.225" level="INFO">I am inside Test Suite Setup</msg>
<status status="PASS" starttime="20200526 13:46:52.201" endtime="20200526 13:46:52.225"></status>
</kw>
<test id="s1-s1-s1-t1" name="MyFirstTest">
<kw name="Log" library="BuiltIn" type="setup">
<doc>Logs the given message with the given level.</doc>
<arguments>
<arg>I am inside Test Setup</arg>
</arguments>
<msg timestamp="20200526 13:46:52.225" level="INFO">I am inside Test Setup</msg>
<status status="PASS" starttime="20200526 13:46:52.225" endtime="20200526 13:46:52.225"></status>
</kw>
<kw name="Log" library="BuiltIn">
<doc>Logs the given message with the given level.</doc>
<arguments>
<arg>Hello World!</arg>
</arguments>
<msg timestamp="20200526 13:46:52.225" level="INFO">Hello World!</msg>
<status status="PASS" starttime="20200526 13:46:52.225" endtime="20200526 13:46:52.225"></status>
</kw>
<kw name="Log" library="BuiltIn" type="teardown">
<doc>Logs the given message with the given level.</doc>
<arguments>
<arg>I am inside Test Teardown</arg>
</arguments>
<msg timestamp="20200526 13:46:52.225" level="INFO">I am inside Test Teardown</msg>
<status status="PASS" starttime="20200526 13:46:52.225" endtime="20200526 13:46:52.241"></status>
</kw>
<tags>
<tag>smoke</tag>
</tags>
<status status="PASS" starttime="20200526 13:46:52.225" endtime="20200526 13:46:52.241" critical="yes"></status>
</test>
<test id="s1-s1-s1-t2" name="MySecondTest">
<kw name="Log" library="BuiltIn" type="setup">
<doc>Logs the given message with the given level.</doc>
<arguments>
<arg>I am inside Test Setup</arg>
</arguments>
<msg timestamp="20200526 13:46:52.241" level="INFO">I am inside Test Setup</msg>
<status status="PASS" starttime="20200526 13:46:52.241" endtime="20200526 13:46:52.241"></status>
</kw>
<kw name="Log" library="BuiltIn">
<doc>Logs the given message with the given level.</doc>
<arguments>
<arg>I am in second test case</arg>
</arguments>
<msg timestamp="20200526 13:46:52.241" level="INFO">I am in second test case</msg>
<status status="PASS" starttime="20200526 13:46:52.241" endtime="20200526 13:46:52.241"></status>
</kw>
<kw name="Set Tags" library="BuiltIn">
<doc>Adds given ``tags`` for the current test or all tests in a suite.</doc>
<arguments>
<arg>regression1</arg>
</arguments>
<msg timestamp="20200526 13:46:52.241" level="INFO">Set tag 'regression1'.</msg>
<status status="PASS" starttime="20200526 13:46:52.241" endtime="20200526 13:46:52.241"></status>
</kw>
<kw name="Remove Tags" library="BuiltIn">
<doc>Removes given ``tags`` from the current test or all tests in a suite.</doc>
<arguments>
<arg>regression1</arg>
</arguments>
<msg timestamp="20200526 13:46:52.241" level="INFO">Removed tag 'regression1'.</msg>
<status status="PASS" starttime="20200526 13:46:52.241" endtime="20200526 13:46:52.241"></status>
</kw>
<kw name="Log" library="BuiltIn" type="teardown">
<doc>Logs the given message with the given level.</doc>
<arguments>
<arg>I am inside Test Teardown</arg>
</arguments>
<msg timestamp="20200526 13:46:52.257" level="INFO">I am inside Test Teardown</msg>
<status status="PASS" starttime="20200526 13:46:52.257" endtime="20200526 13:46:52.257"></status>
</kw>
<tags>
<tag>sanity</tag>
</tags>
<status status="PASS" starttime="20200526 13:46:52.241" endtime="20200526 13:46:52.257" critical="yes"></status>
</test>
<test id="s1-s1-s1-t3" name="MyThirdTest">
<kw name="Log" library="BuiltIn" type="setup">
<doc>Logs the given message with the given level.</doc>
<arguments>
<arg>I am inside Test Setup</arg>
</arguments>
<msg timestamp="20200526 13:46:52.257" level="INFO">I am inside Test Setup</msg>
<status status="PASS" starttime="20200526 13:46:52.257" endtime="20200526 13:46:52.257"></status>
</kw>
<kw name="Log" library="BuiltIn">
<doc>Logs the given message with the given level.</doc>
<arguments>
<arg>I am in third test case</arg>
</arguments>
<msg timestamp="20200526 13:46:52.257" level="INFO">I am in third test case</msg>
<status status="PASS" starttime="20200526 13:46:52.257" endtime="20200526 13:46:52.257"></status>
</kw>
<kw name="Log" library="BuiltIn" type="teardown">
<doc>Logs the given message with the given level.</doc>
<arguments>
<arg>I am inside Test Teardown</arg>
</arguments>
<msg timestamp="20200526 13:46:52.257" level="INFO">I am inside Test Teardown</msg>
<status status="PASS" starttime="20200526 13:46:52.257" endtime="20200526 13:46:52.257"></status>
</kw>
<tags>
<tag>sanity</tag>
</tags>
<status status="PASS" starttime="20200526 13:46:52.257" endtime="20200526 13:46:52.257" critical="yes"></status>
</test>
<test id="s1-s1-s1-t4" name="FirstSeleniumTest">
<kw name="Log" library="BuiltIn" type="setup">
<doc>Logs the given message with the given level.</doc>
<arguments>
<arg>I am inside Test Setup</arg>
</arguments>
<msg timestamp="20200526 13:46:52.288" level="INFO">I am inside Test Setup</msg>
<status status="PASS" starttime="20200526 13:46:52.272" endtime="20200526 13:46:52.288"></status>
</kw>
<kw name="Open Browser" library="SeleniumLibrary">
<doc>Opens a new browser instance to the optional ``url``.</doc>
<arguments>
<arg>https://www.google.com</arg>
<arg>chrome</arg>
</arguments>
<msg timestamp="20200526 13:46:52.288" level="INFO">Opening browser 'chrome' to base url 'https://www.google.com'.</msg>
<status status="PASS" starttime="20200526 13:46:52.288" endtime="20200526 13:47:03.350"></status>
</kw>
<kw name="Set Browser Implicit Wait" library="SeleniumLibrary">
<doc>Sets the implicit wait value used by Selenium.</doc>
<arguments>
<arg>5</arg>
</arguments>
<status status="PASS" starttime="20200526 13:47:03.351" endtime="20200526 13:47:03.356"></status>
</kw>
<kw name="Input Text" library="SeleniumLibrary">
<doc>Types the given ``text`` into the text field identified by ``locator``.</doc>
<arguments>
<arg>name=q</arg>
<arg>Automation Step by Step</arg>
</arguments>
<msg timestamp="20200526 13:47:03.357" level="INFO">Typing text 'Automation Step by Step' into text field 'name=q'.</msg>
<status status="PASS" starttime="20200526 13:47:03.357" endtime="20200526 13:47:04.540"></status>
</kw>
<kw name="Press Keys" library="SeleniumLibrary">
<doc>Simulates the user pressing key(s) to an element or on the active browser.</doc>
<arguments>
<arg>name=q</arg>
<arg>ENTER</arg>
</arguments>
<msg timestamp="20200526 13:47:04.542" level="INFO">Sending key(s) ('ENTER',) to name=q element.</msg>
<msg timestamp="20200526 13:47:05.439" level="INFO">Pressing special key ENTER to element.</msg>
<msg timestamp="20200526 13:47:05.440" level="INFO">Releasing special key ENTER.</msg>
<status status="PASS" starttime="20200526 13:47:04.541" endtime="20200526 13:47:09.863"></status>
</kw>
<kw name="Sleep" library="BuiltIn">
<doc>Pauses the test executed for the given time.</doc>
<arguments>
<arg>2</arg>
</arguments>
<msg timestamp="20200526 13:47:11.881" level="INFO">Slept 2 seconds</msg>
<status status="PASS" starttime="20200526 13:47:09.864" endtime="20200526 13:47:11.881"></status>
</kw>
<kw name="Close Browser" library="SeleniumLibrary">
<doc>Closes the current browser.</doc>
<status status="PASS" starttime="20200526 13:47:11.881" endtime="20200526 13:47:15.803"></status>
</kw>
<kw name="Log" library="BuiltIn">
<doc>Logs the given message with the given level.</doc>
<arguments>
<arg>Test Completed</arg>
</arguments>
<msg timestamp="20200526 13:47:15.803" level="INFO">Test Completed</msg>
<status status="PASS" starttime="20200526 13:47:15.803" endtime="20200526 13:47:15.803"></status>
</kw>
<kw name="Log" library="BuiltIn" type="teardown">
<doc>Logs the given message with the given level.</doc>
<arguments>
<arg>I am inside Test Teardown</arg>
</arguments>
<msg timestamp="20200526 13:47:15.819" level="INFO">I am inside Test Teardown</msg>
<status status="PASS" starttime="20200526 13:47:15.819" endtime="20200526 13:47:15.819"></status>
</kw>
<tags>
<tag>sanity</tag>
</tags>
<status status="PASS" starttime="20200526 13:46:52.257" endtime="20200526 13:47:15.819" critical="yes"></status>
</test>
<test id="s1-s1-s1-t5" name="SampleLoginTest">
<kw name="Log" library="BuiltIn" type="setup">
<doc>Logs the given message with the given level.</doc>
<arguments>
<arg>I am inside Test Setup</arg>
</arguments>
<msg timestamp="20200526 13:47:15.834" level="INFO">I am inside Test Setup</msg>
<status status="PASS" starttime="20200526 13:47:15.834" endtime="20200526 13:47:15.834"></status>
</kw>
<kw name="Open Browser" library="SeleniumLibrary">
<doc>Opens a new browser instance to the optional ``url``.</doc>
<arguments>
<arg>https://opensource-demo.orangehrmlive.com</arg>
<arg>chrome</arg>
</arguments>
<msg timestamp="20200526 13:47:15.834" level="INFO">Opening browser 'chrome' to base url 'https://opensource-demo.orangehrmlive.com'.</msg>
<status status="PASS" starttime="20200526 13:47:15.834" endtime="20200526 13:47:27.022"></status>
</kw>
<kw name="Set Browser Implicit Wait" library="SeleniumLibrary">
<doc>Sets the implicit wait value used by Selenium.</doc>
<arguments>
<arg>3</arg>
</arguments>
<status status="PASS" starttime="20200526 13:47:27.023" endtime="20200526 13:47:27.038"></status>
</kw>
<kw name="Input Text" library="SeleniumLibrary">
<doc>Types the given ``text`` into the text field identified by ``locator``.</doc>
<arguments>
<arg>id=txtUsername</arg>
<arg>Admin</arg>
</arguments>
<msg timestamp="20200526 13:47:27.039" level="INFO">Typing text 'Admin' into text field 'id=txtUsername'.</msg>
<status status="PASS" starttime="20200526 13:47:27.039" endtime="20200526 13:47:27.466"></status>
</kw>
<kw name="Input Text" library="SeleniumLibrary">
<doc>Types the given ``text`` into the text field identified by ``locator``.</doc>
<arguments>
<arg>id=txtPassword</arg>
<arg>admin123</arg>
</arguments>
<msg timestamp="20200526 13:47:27.469" level="INFO">Typing text 'admin123' into text field 'id=txtPassword'.</msg>
<status status="PASS" starttime="20200526 13:47:27.469" endtime="20200526 13:47:27.851"></status>
</kw>
<kw name="Sleep" library="BuiltIn">
<doc>Pauses the test executed for the given time.</doc>
<arguments>
<arg>1</arg>
</arguments>
<msg timestamp="20200526 13:47:28.865" level="INFO">Slept 1 second</msg>
<status status="PASS" starttime="20200526 13:47:27.851" endtime="20200526 13:47:28.865"></status>
</kw>
<kw name="Click Button" library="SeleniumLibrary">
<doc>Clicks the button identified by ``locator``.</doc>
<arguments>
<arg>id=btnLogin</arg>
</arguments>
<msg timestamp="20200526 13:47:28.865" level="INFO">Clicking button 'id=btnLogin'.</msg>
<status status="PASS" starttime="20200526 13:47:28.865" endtime="20200526 13:47:32.999"></status>
</kw>
<kw name="Click Element" library="SeleniumLibrary">
<doc>Click the element identified by ``locator``.</doc>
<arguments>
<arg>id=welcome</arg>
</arguments>
<msg timestamp="20200526 13:47:33.002" level="INFO">Clicking element 'id=welcome'.</msg>
<status status="PASS" starttime="20200526 13:47:33.000" endtime="20200526 13:47:33.875"></status>
</kw>
<kw name="Click Element" library="SeleniumLibrary">
<doc>Click the element identified by ``locator``.</doc>
<arguments>
<arg>link=Logout</arg>
</arguments>
<msg timestamp="20200526 13:47:33.876" level="INFO">Clicking element 'link=Logout'.</msg>
<status status="PASS" starttime="20200526 13:47:33.876" endtime="20200526 13:47:36.013"></status>
</kw>
<kw name="Close Browser" library="SeleniumLibrary">
<doc>Closes the current browser.</doc>
<status status="PASS" starttime="20200526 13:47:36.014" endtime="20200526 13:47:39.943"></status>
</kw>
<kw name="Log" library="BuiltIn">
<doc>Logs the given message with the given level.</doc>
<arguments>
<arg>Test completed</arg>
</arguments>
<msg timestamp="20200526 13:47:39.943" level="INFO">Test completed</msg>
<status status="PASS" starttime="20200526 13:47:39.943" endtime="20200526 13:47:39.943"></status>
</kw>
<kw name="Log" library="BuiltIn" type="teardown">
<doc>Logs the given message with the given level.</doc>
<arguments>
<arg>I am inside Test Teardown</arg>
</arguments>
<msg timestamp="20200526 13:47:39.943" level="INFO">I am inside Test Teardown</msg>
<status status="PASS" starttime="20200526 13:47:39.943" endtime="20200526 13:47:39.943"></status>
</kw>
<doc>This is a sample login test</doc>
<tags>
<tag>sanity</tag>
</tags>
<status status="PASS" starttime="20200526 13:47:15.819" endtime="20200526 13:47:39.943" critical="yes"></status>
</test>
<test id="s1-s1-s1-t6" name="SampleLoginTestWithVariable">
<kw name="Log" library="BuiltIn" type="setup">
<doc>Logs the given message with the given level.</doc>
<arguments>
<arg>I am inside Test Setup</arg>
</arguments>
<msg timestamp="20200526 13:47:39.959" level="INFO">I am inside Test Setup</msg>
<status status="PASS" starttime="20200526 13:47:39.959" endtime="20200526 13:47:39.975"></status>
</kw>
<kw name="Open Browser" library="SeleniumLibrary">
<doc>Opens a new browser instance to the optional ``url``.</doc>
<arguments>
<arg>${URL}</arg>
<arg>chrome</arg>
</arguments>
<msg timestamp="20200526 13:47:39.975" level="INFO">Opening browser 'chrome' to base url 'https://opensource-demo.orangehrmlive.com'.</msg>
<status status="PASS" starttime="20200526 13:47:39.975" endtime="20200526 13:47:50.885"></status>
</kw>
<kw name="Set Browser Implicit Wait" library="SeleniumLibrary">
<doc>Sets the implicit wait value used by Selenium.</doc>
<arguments>
<arg>3</arg>
</arguments>
<status status="PASS" starttime="20200526 13:47:50.885" endtime="20200526 13:47:50.899"></status>
</kw>
<kw name="LoginKW">
<kw name="Input Text" library="SeleniumLibrary">
<doc>Types the given ``text`` into the text field identified by ``locator``.</doc>
<arguments>
<arg>id=txtUsername</arg>
<arg>@{CREDENTIALS}[0]</arg>
</arguments>
<msg timestamp="20200526 13:47:50.899" level="WARN">Accessing variable items using '@{CREDENTIALS}[0]' syntax is deprecated. Use '${CREDENTIALS}[0]' instead.</msg>
<msg timestamp="20200526 13:47:50.899" level="INFO">Typing text 'Admin' into text field 'id=txtUsername'.</msg>
<status status="PASS" starttime="20200526 13:47:50.899" endtime="20200526 13:47:51.373"></status>
</kw>
<kw name="Input Text" library="SeleniumLibrary">
<doc>Types the given ``text`` into the text field identified by ``locator``.</doc>
<arguments>
<arg>id=txtPassword</arg>
<arg>&amp;{LOGINDATA}[password]</arg>
</arguments>
<msg timestamp="20200526 13:47:51.376" level="WARN">Accessing variable items using '&amp;{LOGINDATA}[password]' syntax is deprecated. Use '${LOGINDATA}[password]' instead.</msg>
<msg timestamp="20200526 13:47:51.380" level="INFO">Typing text 'admin123' into text field 'id=txtPassword'.</msg>
<status status="PASS" starttime="20200526 13:47:51.373" endtime="20200526 13:47:51.786"></status>
</kw>
<kw name="Click Button" library="SeleniumLibrary">
<doc>Clicks the button identified by ``locator``.</doc>
<arguments>
<arg>id=btnLogin</arg>
</arguments>
<msg timestamp="20200526 13:47:51.787" level="INFO">Clicking button 'id=btnLogin'.</msg>
<status status="PASS" starttime="20200526 13:47:51.787" endtime="20200526 13:47:55.993"></status>
</kw>
<status status="PASS" starttime="20200526 13:47:50.899" endtime="20200526 13:47:55.994"></status>
</kw>
<kw name="Click Element" library="SeleniumLibrary">
<doc>Click the element identified by ``locator``.</doc>
<arguments>
<arg>id=welcome</arg>
</arguments>
<msg timestamp="20200526 13:47:55.998" level="INFO">Clicking element 'id=welcome'.</msg>
<status status="PASS" starttime="20200526 13:47:55.995" endtime="20200526 13:47:57.009"></status>
</kw>
<kw name="Click Element" library="SeleniumLibrary">
<doc>Click the element identified by ``locator``.</doc>
<arguments>
<arg>link=Logout</arg>
</arguments>
<msg timestamp="20200526 13:47:57.015" level="INFO">Clicking element 'link=Logout'.</msg>
<status status="PASS" starttime="20200526 13:47:57.009" endtime="20200526 13:47:58.506"></status>
</kw>
<kw name="Close Browser" library="SeleniumLibrary">
<doc>Closes the current browser.</doc>
<status status="PASS" starttime="20200526 13:47:58.507" endtime="20200526 13:48:02.474"></status>
</kw>
<kw name="Log" library="BuiltIn">
<doc>Logs the given message with the given level.</doc>
<arguments>
<arg>Test completed</arg>
</arguments>
<msg timestamp="20200526 13:48:02.474" level="INFO">Test completed</msg>
<status status="PASS" starttime="20200526 13:48:02.474" endtime="20200526 13:48:02.474"></status>
</kw>
<kw name="Log" library="BuiltIn">
<doc>Logs the given message with the given level.</doc>
<arguments>
<arg>${TEST NAME} was executed by %{username} on %{os}</arg>
</arguments>
<msg timestamp="20200526 13:48:02.490" level="INFO">SampleLoginTestWithVariable was executed by Nur Islam on Windows_NT</msg>
<status status="PASS" starttime="20200526 13:48:02.474" endtime="20200526 13:48:02.490"></status>
</kw>
<kw name="Log" library="BuiltIn" type="teardown">
<doc>Logs the given message with the given level.</doc>
<arguments>
<arg>I am inside Test Teardown</arg>
</arguments>
<msg timestamp="20200526 13:48:02.490" level="INFO">I am inside Test Teardown</msg>
<status status="PASS" starttime="20200526 13:48:02.490" endtime="20200526 13:48:02.490"></status>
</kw>
<doc>This is a sample login test</doc>
<tags>
<tag>sanity</tag>
</tags>
<status status="PASS" starttime="20200526 13:47:39.959" endtime="20200526 13:48:02.490" critical="yes"></status>
</test>
<kw name="Log" library="BuiltIn" type="teardown">
<doc>Logs the given message with the given level.</doc>
<arguments>
<arg>I am inside Test Suite Teardown</arg>
</arguments>
<msg timestamp="20200526 13:48:02.506" level="INFO">I am inside Test Suite Teardown</msg>
<status status="PASS" starttime="20200526 13:48:02.506" endtime="20200526 13:48:02.506"></status>
</kw>
<status status="PASS" starttime="20200526 13:46:50.210" endtime="20200526 13:48:02.506"></status>
</suite>
<status status="PASS" starttime="20200526 13:46:50.210" endtime="20200526 13:48:02.521"></status>
</suite>
<status status="PASS" starttime="20200526 13:46:50.132" endtime="20200526 13:48:02.521"></status>
</suite>
<statistics>
<total>
<stat pass="6" fail="0">Critical Tests</stat>
<stat pass="6" fail="0">All Tests</stat>
</total>
<tag>
<stat pass="5" fail="0">sanity</stat>
<stat pass="1" fail="0">smoke</stat>
</tag>
<suite>
<stat pass="6" fail="0" id="s1" name="RobotProject1">RobotProject1</stat>
<stat pass="6" fail="0" id="s1-s1" name="Test">RobotProject1.Test</stat>
<stat pass="6" fail="0" id="s1-s1-s1" name="TestSuite1">RobotProject1.Test.TestSuite1</stat>
</suite>
</statistics>
<errors>
<msg timestamp="20200526 13:47:50.899" level="WARN">Accessing variable items using '@{CREDENTIALS}[0]' syntax is deprecated. Use '${CREDENTIALS}[0]' instead.</msg>
<msg timestamp="20200526 13:47:51.376" level="WARN">Accessing variable items using '&amp;{LOGINDATA}[password]' syntax is deprecated. Use '${LOGINDATA}[password]' instead.</msg>
</errors>
</robot>
